<?xml version="1.0" encoding="UTF-8"?>
<coverage generated="1635243085349" clover="3.2.0">
  <project timestamp="1635243085349" name="All files">
    <metrics statements="93" coveredstatements="59" conditionals="26" coveredconditionals="16" methods="11" coveredmethods="5" elements="130" coveredelements="80" complexity="0" loc="93" ncloc="93" packages="1" files="3" classes="3"/>
    <file name="dataProcessing.js" path="/Users/andreas.andra/Github/SensorObservationBackend/services/dataProcessing.js">
      <metrics statements="19" coveredstatements="19" conditionals="9" coveredconditionals="9" methods="1" coveredmethods="1"/>
      <line num="5" count="1" type="stmt"/>
      <line num="6" count="1" type="stmt"/>
      <line num="8" count="1" type="stmt"/>
      <line num="11" count="36700" type="cond" truecount="5" falsecount="0"/>
      <line num="13" count="31500" type="stmt"/>
      <line num="16" count="31500" type="cond" truecount="2" falsecount="0"/>
      <line num="18" count="31494" type="stmt"/>
      <line num="20" count="188955" type="cond" truecount="2" falsecount="0"/>
      <line num="22" count="31494" type="stmt"/>
      <line num="23" count="31494" type="stmt"/>
      <line num="24" count="31494" type="stmt"/>
      <line num="25" count="31494" type="stmt"/>
      <line num="33" count="6" type="stmt"/>
      <line num="34" count="6" type="stmt"/>
      <line num="35" count="6" type="stmt"/>
      <line num="36" count="6" type="stmt"/>
      <line num="37" count="6" type="stmt"/>
      <line num="44" count="1" type="stmt"/>
      <line num="47" count="1" type="stmt"/>
    </file>
    <file name="timeseries.js" path="/Users/andreas.andra/Github/SensorObservationBackend/services/timeseries.js">
      <metrics statements="42" coveredstatements="26" conditionals="7" coveredconditionals="4" methods="6" coveredmethods="3"/>
      <line num="1" count="1" type="stmt"/>
      <line num="6" count="0" type="stmt"/>
      <line num="8" count="0" type="stmt"/>
      <line num="10" count="0" type="stmt"/>
      <line num="11" count="0" type="stmt"/>
      <line num="15" count="0" type="stmt"/>
      <line num="22" count="0" type="stmt"/>
      <line num="23" count="0" type="stmt"/>
      <line num="25" count="0" type="stmt"/>
      <line num="31" count="6" type="stmt"/>
      <line num="32" count="6" type="stmt"/>
      <line num="33" count="6" type="stmt"/>
      <line num="35" count="6" type="stmt"/>
      <line num="36" count="6" type="stmt"/>
      <line num="38" count="6" type="stmt"/>
      <line num="39" count="1046" type="stmt"/>
      <line num="42" count="6" type="stmt"/>
      <line num="49" count="0" type="stmt"/>
      <line num="51" count="0" type="stmt"/>
      <line num="53" count="0" type="stmt"/>
      <line num="54" count="0" type="stmt"/>
      <line num="55" count="0" type="stmt"/>
      <line num="58" count="0" type="cond" truecount="0" falsecount="2"/>
      <line num="60" count="0" type="stmt"/>
      <line num="66" count="0" type="stmt"/>
      <line num="73" count="645" type="stmt"/>
      <line num="74" count="645" type="stmt"/>
      <line num="76" count="645" type="stmt"/>
      <line num="78" count="320409" type="stmt"/>
      <line num="80" count="320409" type="cond" truecount="4" falsecount="1"/>
      <line num="82" count="320409" type="stmt"/>
      <line num="83" count="320409" type="stmt"/>
      <line num="89" count="645" type="stmt"/>
      <line num="96" count="1" type="stmt"/>
      <line num="97" count="1" type="stmt"/>
      <line num="98" count="1" type="stmt"/>
      <line num="99" count="1" type="stmt"/>
      <line num="100" count="1" type="stmt"/>
      <line num="101" count="1" type="stmt"/>
      <line num="102" count="1" type="stmt"/>
      <line num="104" count="1" type="stmt"/>
      <line num="108" count="1" type="stmt"/>
    </file>
    <file name="unitofmeasurement.js" path="/Users/andreas.andra/Github/SensorObservationBackend/services/unitofmeasurement.js">
      <metrics statements="32" coveredstatements="14" conditionals="10" coveredconditionals="3" methods="4" coveredmethods="1"/>
      <line num="1" count="2" type="stmt"/>
      <line num="2" count="2" type="stmt"/>
      <line num="3" count="2" type="stmt"/>
      <line num="8" count="2" type="stmt"/>
      <line num="9" count="0" type="stmt"/>
      <line num="14" count="0" type="stmt"/>
      <line num="15" count="0" type="stmt"/>
      <line num="16" count="0" type="stmt"/>
      <line num="23" count="11" type="cond" truecount="2" falsecount="0"/>
      <line num="25" count="1" type="stmt"/>
      <line num="29" count="10" type="stmt"/>
      <line num="30" count="10" type="stmt"/>
      <line num="31" count="10" type="stmt"/>
      <line num="33" count="10" type="cond" truecount="1" falsecount="1"/>
      <line num="35" count="0" type="stmt"/>
      <line num="39" count="10" type="stmt"/>
      <line num="43" count="10" type="stmt"/>
      <line num="45" count="10" type="stmt"/>
      <line num="51" count="0" type="stmt"/>
      <line num="53" count="0" type="cond" truecount="0" falsecount="2"/>
      <line num="54" count="0" type="stmt"/>
      <line num="57" count="0" type="stmt"/>
      <line num="58" count="0" type="stmt"/>
      <line num="60" count="0" type="stmt"/>
      <line num="62" count="0" type="stmt"/>
      <line num="64" count="0" type="cond" truecount="0" falsecount="2"/>
      <line num="66" count="0" type="stmt"/>
      <line num="67" count="0" type="stmt"/>
      <line num="71" count="0" type="cond" truecount="0" falsecount="2"/>
      <line num="72" count="0" type="stmt"/>
      <line num="73" count="0" type="stmt"/>
      <line num="79" count="2" type="stmt"/>
    </file>
  </project>
</coverage>
