TN:
SF:services/dataProcessing.js
FN:3,preProcessdata
FNF:1
FNH:1
FNDA:2,preProcessdata
DA:1,1
DA:2,1
DA:3,2
DA:4,2
DA:5,2
DA:6,2
DA:7,2
DA:8,2
DA:9,10900
DA:10,10900
DA:11,10900
DA:12,10900
DA:13,10900
DA:14,10900
DA:15,10900
DA:16,10900
DA:17,10893
DA:18,10893
DA:19,43839
DA:20,43839
DA:21,10893
DA:22,10893
DA:23,10893
DA:24,10893
DA:25,10893
DA:26,10893
DA:27,10893
DA:28,43839
DA:29,43839
DA:30,10893
DA:31,10900
DA:32,7
DA:33,7
DA:34,7
DA:35,7
DA:36,7
DA:37,7
DA:38,7
DA:39,7
DA:40,10900
DA:41,10900
DA:42,10900
DA:43,2
DA:44,2
DA:45,2
DA:46,1
DA:47,1
DA:48,1
DA:49,1
LF:49
LH:49
BRDA:3,0,0,2
BRDA:8,1,0,10900
BRDA:16,2,0,10893
BRDA:18,3,0,43839
BRDA:20,4,0,10893
BRDA:31,5,0,7
BRF:6
BRH:6
end_of_record
TN:
SF:services/timeseries.js
FN:4,addUoM
FN:20,generateTimeseries
FN:29,generateTimepoints
FN:47,generateTimeseriesForUoM
FN:88,countObservationResults
FN:124,addDataToTimeseries
FNF:6
FNH:6
FNDA:1,addUoM
FNDA:1,generateTimeseries
FNDA:8,generateTimepoints
FNDA:1,generateTimeseriesForUoM
FNDA:683,countObservationResults
FNDA:1,addDataToTimeseries
DA:1,1
DA:2,1
DA:3,1
DA:4,1
DA:5,1
DA:6,1
DA:7,1
DA:8,1
DA:9,1
DA:10,1
DA:11,1
DA:12,1
DA:13,1
DA:14,1
DA:15,1
DA:16,1
DA:17,1
DA:18,1
DA:19,1
DA:20,1
DA:21,1
DA:22,1
DA:23,1
DA:24,1
DA:25,1
DA:26,1
DA:27,1
DA:28,1
DA:29,8
DA:30,8
DA:31,8
DA:32,8
DA:33,8
DA:34,8
DA:35,8
DA:36,8
DA:37,8
DA:38,8
DA:39,1531
DA:40,1531
DA:41,8
DA:42,8
DA:43,8
DA:44,8
DA:45,1
DA:46,1
DA:47,1
DA:48,1
DA:49,1
DA:50,1
DA:51,1
DA:52,1
DA:53,43
DA:54,43
DA:55,43
DA:56,43
DA:57,43
DA:58,0
DA:59,0
DA:60,0
DA:61,0
DA:62,43
DA:63,43
DA:64,1
DA:65,1
DA:66,1
DA:67,1
DA:68,1
DA:69,1
DA:70,1
DA:71,1
DA:72,1
DA:73,1
DA:74,1
DA:75,1
DA:76,1
DA:77,1
DA:78,1
DA:79,1
DA:80,1
DA:81,1
DA:82,1
DA:83,1
DA:84,1
DA:85,1
DA:86,1
DA:87,1
DA:88,683
DA:89,683
DA:90,683
DA:91,683
DA:92,683
DA:93,683
DA:94,683
DA:95,683
DA:96,683
DA:97,683
DA:98,683
DA:99,683
DA:100,683
DA:101,683
DA:102,683
DA:103,683
DA:104,683
DA:105,683
DA:106,683
DA:107,683
DA:108,508947
DA:109,508947
DA:110,0
DA:111,0
DA:112,0
DA:113,0
DA:114,0
DA:115,0
DA:116,508947
DA:117,508947
DA:118,683
DA:119,683
DA:120,683
DA:121,683
DA:122,1
DA:123,1
DA:124,1
DA:125,1
DA:126,1
DA:127,43
DA:128,43
DA:129,43
DA:130,43
DA:131,0
DA:132,0
DA:133,0
DA:134,0
DA:135,0
DA:136,0
DA:137,0
DA:138,43
DA:139,43
DA:140,1
DA:141,1
DA:142,1
DA:143,1
DA:144,1
DA:145,1
DA:146,1
DA:147,1
DA:148,1
DA:149,1
DA:150,1
DA:151,1
DA:152,1
DA:153,1
DA:154,1
LF:154
LH:137
BRDA:4,0,0,1
BRDA:20,1,0,1
BRDA:29,2,0,8
BRDA:38,3,0,1531
BRDA:47,4,0,1
BRDA:52,5,0,43
BRDA:57,6,0,0
BRDA:88,7,0,683
BRDA:107,8,0,508947
BRDA:109,9,0,0
BRDA:124,10,0,1
BRDA:126,11,0,43
BRDA:130,12,0,0
BRF:13
BRH:10
end_of_record
TN:
SF:services/unitofmeasurement.js
FN:12,getUoMFromFintoApi
FN:20,preProcessApiLink
FN:49,getUoM
FNF:3
FNH:3
FNDA:3,getUoMFromFintoApi
FNDA:14,preProcessApiLink
FNDA:3,getUoM
DA:1,1
DA:2,1
DA:3,1
DA:4,1
DA:5,1
DA:6,1
DA:7,1
DA:8,1
DA:9,0
DA:10,0
DA:11,1
DA:12,3
DA:13,3
DA:14,3
DA:15,3
DA:16,3
DA:17,3
DA:18,3
DA:19,1
DA:20,14
DA:21,14
DA:22,14
DA:23,14
DA:24,2
DA:25,2
DA:26,2
DA:27,2
DA:28,12
DA:29,12
DA:30,12
DA:31,12
DA:32,12
DA:33,14
DA:34,0
DA:35,0
DA:36,0
DA:37,14
DA:38,12
DA:39,12
DA:40,12
DA:41,12
DA:42,12
DA:43,12
DA:44,12
DA:45,12
DA:46,12
DA:47,12
DA:48,1
DA:49,3
DA:50,3
DA:51,3
DA:52,3
DA:53,3
DA:54,0
DA:55,0
DA:56,3
DA:57,3
DA:58,3
DA:59,3
DA:60,3
DA:61,3
DA:62,3
DA:63,15
DA:64,15
DA:65,2
DA:66,2
DA:67,2
DA:68,2
DA:69,2
DA:70,13
DA:71,15
DA:72,1
DA:73,1
DA:74,1
DA:75,1
DA:76,15
DA:77,0
DA:78,1
DA:79,1
DA:80,1
DA:81,1
DA:82,1
LF:82
LH:74
BRDA:12,0,0,3
BRDA:20,1,0,14
BRDA:23,2,0,2
BRDA:28,3,0,12
BRDA:33,4,0,0
BRDA:37,5,0,12
BRDA:49,6,0,3
BRDA:53,7,0,0
BRDA:62,8,0,15
BRDA:64,9,0,2
BRDA:70,10,0,13
BRDA:71,11,0,1
BRDA:77,12,0,0
BRF:13
BRH:10
end_of_record
TN:
SF:tests/testdatageneration.js
FN:1,generateObservationDataForDates
FN:19,generateTestData
FNF:2
FNH:2
FNDA:640,generateObservationDataForDates
FNDA:2,generateTestData
DA:1,640
DA:2,640
DA:3,640
DA:4,640
DA:5,640
DA:6,324047
DA:7,324047
DA:8,324047
DA:9,324047
DA:10,324047
DA:11,324047
DA:12,324047
DA:13,324047
DA:14,640
DA:15,640
DA:16,640
DA:17,640
DA:18,1
DA:19,2
DA:20,2
DA:21,2
DA:22,2
DA:23,10900
DA:24,10900
DA:25,10900
DA:26,10900
DA:27,10900
DA:28,10900
DA:29,10900
DA:30,10900
DA:31,2
DA:32,2
DA:33,2
DA:34,2
DA:35,1
DA:36,1
DA:37,1
DA:38,1
DA:39,1
LF:39
LH:39
BRDA:1,0,0,640
BRDA:5,1,0,324047
BRDA:19,2,0,2
BRDA:22,3,0,10900
BRF:4
BRH:4
end_of_record
