TN:
SF:services/dataProcessing.js
FN:3,preProcessdata
FNF:1
FNH:1
FNDA:2,preProcessdata
DA:1,1
DA:2,1
DA:3,2
DA:4,2
DA:5,2
DA:6,2
DA:7,2
DA:8,2
DA:9,67600
DA:10,67600
DA:11,67600
DA:12,67600
DA:13,67600
DA:14,67600
DA:15,67600
DA:16,67600
DA:17,67593
DA:18,67593
DA:19,377047
DA:20,377047
DA:21,67593
DA:22,67593
DA:23,67593
DA:24,67593
DA:25,67593
DA:26,67593
DA:27,67593
DA:28,377047
DA:29,377047
DA:30,67593
DA:31,67600
DA:32,7
DA:33,7
DA:34,7
DA:35,7
DA:36,7
DA:37,7
DA:38,7
DA:39,7
DA:40,67600
DA:41,67600
DA:42,67600
DA:43,2
DA:44,2
DA:45,2
DA:46,1
DA:47,1
DA:48,1
DA:49,1
LF:49
LH:49
BRDA:3,0,0,2
BRDA:8,1,0,67600
BRDA:16,2,0,67593
BRDA:18,3,0,377047
BRDA:20,4,0,67593
BRDA:31,5,0,7
BRF:6
BRH:6
end_of_record
TN:
SF:services/timeseries.js
FN:4,addUoM
FN:20,generateTimeseries
FN:29,generateTimepoints
FN:47,generateTimeseriesForUoM
FN:71,countObservationResults
FN:94,addDataToTimeseries
FNF:6
FNH:6
FNDA:1,addUoM
FNDA:1,generateTimeseries
FNDA:8,generateTimepoints
FNDA:1,generateTimeseriesForUoM
FNDA:1232,countObservationResults
FNDA:58,addDataToTimeseries
DA:1,1
DA:2,1
DA:3,1
DA:4,1
DA:5,1
DA:6,1
DA:7,1
DA:8,1
DA:9,1
DA:10,1
DA:11,1
DA:12,1
DA:13,1
DA:14,1
DA:15,1
DA:16,1
DA:17,1
DA:18,1
DA:19,1
DA:20,1
DA:21,1
DA:22,1
DA:23,1
DA:24,1
DA:25,1
DA:26,1
DA:27,1
DA:28,1
DA:29,8
DA:30,8
DA:31,8
DA:32,8
DA:33,8
DA:34,8
DA:35,8
DA:36,8
DA:37,8
DA:38,8
DA:39,1592
DA:40,1592
DA:41,8
DA:42,8
DA:43,8
DA:44,8
DA:45,1
DA:46,1
DA:47,1
DA:48,1
DA:49,1
DA:50,1
DA:51,1
DA:52,57
DA:53,57
DA:54,57
DA:55,57
DA:56,57
DA:57,57
DA:58,57
DA:59,57
DA:60,57
DA:61,57
DA:62,57
DA:63,57
DA:64,57
DA:65,1
DA:66,1
DA:67,1
DA:68,1
DA:69,1
DA:70,1
DA:71,1232
DA:72,1232
DA:73,1232
DA:74,1232
DA:75,1232
DA:76,1232
DA:77,921428
DA:78,921428
DA:79,921428
DA:80,921428
DA:81,602228
DA:82,602228
DA:83,602228
DA:84,602228
DA:85,602228
DA:86,921428
DA:87,921428
DA:88,1232
DA:89,1232
DA:90,1232
DA:91,1232
DA:92,1
DA:93,1
DA:94,58
DA:95,58
DA:96,58
DA:97,58
DA:98,58
DA:99,58
DA:100,58
DA:101,58
DA:102,58
DA:103,58
DA:104,58
DA:105,58
DA:106,58
DA:107,1
DA:108,1
DA:109,1
DA:110,1
DA:111,1
DA:112,1
DA:113,1
DA:114,1
LF:114
LH:114
BRDA:4,0,0,1
BRDA:20,1,0,1
BRDA:29,2,0,8
BRDA:38,3,0,1592
BRDA:47,4,0,1
BRDA:51,5,0,57
BRDA:71,6,0,1232
BRDA:76,7,0,921428
BRDA:80,8,0,602228
BRDA:94,9,0,58
BRF:10
BRH:10
end_of_record
TN:
SF:services/unitofmeasurement.js
FN:12,getUoMFromFintoApi
FN:20,preProcessApiLink
FN:49,getUoM
FNF:3
FNH:3
FNDA:3,getUoMFromFintoApi
FNDA:14,preProcessApiLink
FNDA:3,getUoM
DA:1,1
DA:2,1
DA:3,1
DA:4,1
DA:5,1
DA:6,1
DA:7,1
DA:8,1
DA:9,0
DA:10,0
DA:11,1
DA:12,3
DA:13,3
DA:14,3
DA:15,3
DA:16,3
DA:17,3
DA:18,3
DA:19,1
DA:20,14
DA:21,14
DA:22,14
DA:23,14
DA:24,2
DA:25,2
DA:26,2
DA:27,2
DA:28,12
DA:29,12
DA:30,12
DA:31,12
DA:32,12
DA:33,14
DA:34,0
DA:35,0
DA:36,0
DA:37,14
DA:38,12
DA:39,12
DA:40,12
DA:41,12
DA:42,12
DA:43,12
DA:44,12
DA:45,12
DA:46,12
DA:47,12
DA:48,1
DA:49,3
DA:50,3
DA:51,3
DA:52,3
DA:53,3
DA:54,0
DA:55,0
DA:56,3
DA:57,3
DA:58,3
DA:59,3
DA:60,3
DA:61,3
DA:62,3
DA:63,15
DA:64,15
DA:65,2
DA:66,2
DA:67,2
DA:68,2
DA:69,2
DA:70,13
DA:71,15
DA:72,1
DA:73,1
DA:74,1
DA:75,1
DA:76,15
DA:77,0
DA:78,1
DA:79,1
DA:80,1
DA:81,1
DA:82,1
LF:82
LH:74
BRDA:12,0,0,3
BRDA:20,1,0,14
BRDA:23,2,0,2
BRDA:28,3,0,12
BRDA:33,4,0,0
BRDA:37,5,0,12
BRDA:49,6,0,3
BRDA:53,7,0,0
BRDA:62,8,0,15
BRDA:64,9,0,2
BRDA:70,10,0,13
BRDA:71,11,0,1
BRDA:77,12,0,0
BRF:13
BRH:10
end_of_record
TN:
SF:tests/testdatageneration.js
FN:1,generateObservationDataForDates
FN:19,generateTestData
FNF:2
FNH:2
FNDA:1175,generateObservationDataForDates
FNDA:2,generateTestData
DA:1,1175
DA:2,1175
DA:3,1175
DA:4,1175
DA:5,1175
DA:6,596528
DA:7,596528
DA:8,596528
DA:9,596528
DA:10,596528
DA:11,596528
DA:12,596528
DA:13,596528
DA:14,1175
DA:15,1175
DA:16,1175
DA:17,1175
DA:18,1
DA:19,2
DA:20,2
DA:21,2
DA:22,2
DA:23,67600
DA:24,67600
DA:25,67600
DA:26,67600
DA:27,67600
DA:28,67600
DA:29,67600
DA:30,67600
DA:31,2
DA:32,2
DA:33,2
DA:34,2
DA:35,1
DA:36,1
DA:37,1
DA:38,1
DA:39,1
LF:39
LH:39
BRDA:1,0,0,1175
BRDA:5,1,0,596528
BRDA:19,2,0,2
BRDA:22,3,0,67600
BRF:4
BRH:4
end_of_record
